* installing *source* package ‘perturbplan’ ...
** using staged installation
** libs
using C++ compiler: ‘Apple clang version 14.0.3 (clang-1403.0.22.14.1)’
using SDK: ‘MacOSX13.3.sdk’
clang++ -arch arm64 -std=gnu++17 -I"/Library/Frameworks/R.framework/Resources/include" -DNDEBUG  -I'/Library/Frameworks/R.framework/Versions/4.4-arm64/Resources/library/PoissonBinomial/include' -I'/Library/Frameworks/R.framework/Versions/4.4-arm64/Resources/library/Rcpp/include' -I/opt/R/arm64/include -I/opt/homebrew/opt/openssl@3/include    -fPIC  -falign-functions=64 -Wall -g -O2   -c BH_cutoff.cpp -o BH_cutoff.o
clang++ -arch arm64 -std=gnu++17 -I"/Library/Frameworks/R.framework/Resources/include" -DNDEBUG  -I'/Library/Frameworks/R.framework/Versions/4.4-arm64/Resources/library/PoissonBinomial/include' -I'/Library/Frameworks/R.framework/Versions/4.4-arm64/Resources/library/Rcpp/include' -I/opt/R/arm64/include -I/opt/homebrew/opt/openssl@3/include    -fPIC  -falign-functions=64 -Wall -g -O2   -c RcppExports.cpp -o RcppExports.o
clang++ -arch arm64 -std=gnu++17 -I"/Library/Frameworks/R.framework/Resources/include" -DNDEBUG  -I'/Library/Frameworks/R.framework/Versions/4.4-arm64/Resources/library/PoissonBinomial/include' -I'/Library/Frameworks/R.framework/Versions/4.4-arm64/Resources/library/Rcpp/include' -I/opt/R/arm64/include -I/opt/homebrew/opt/openssl@3/include    -fPIC  -falign-functions=64 -Wall -g -O2   -c compute_QC.cpp -o compute_QC.o
clang++ -arch arm64 -std=gnu++17 -I"/Library/Frameworks/R.framework/Resources/include" -DNDEBUG  -I'/Library/Frameworks/R.framework/Versions/4.4-arm64/Resources/library/PoissonBinomial/include' -I'/Library/Frameworks/R.framework/Versions/4.4-arm64/Resources/library/Rcpp/include' -I/opt/R/arm64/include -I/opt/homebrew/opt/openssl@3/include    -fPIC  -falign-functions=64 -Wall -g -O2   -c compute_distribution_teststat_fixed_es.cpp -o compute_distribution_teststat_fixed_es.o
clang++ -arch arm64 -std=gnu++17 -I"/Library/Frameworks/R.framework/Resources/include" -DNDEBUG  -I'/Library/Frameworks/R.framework/Versions/4.4-arm64/Resources/library/PoissonBinomial/include' -I'/Library/Frameworks/R.framework/Versions/4.4-arm64/Resources/library/Rcpp/include' -I/opt/R/arm64/include -I/opt/homebrew/opt/openssl@3/include    -fPIC  -falign-functions=64 -Wall -g -O2   -c power_curves.cpp -o power_curves.o
clang++ -arch arm64 -std=gnu++17 -dynamiclib -Wl,-headerpad_max_install_names -undefined dynamic_lookup -L/Library/Frameworks/R.framework/Resources/lib -L/opt/R/arm64/lib -L/opt/homebrew/opt/openssl@3/lib -o perturbplan.so BH_cutoff.o RcppExports.o compute_QC.o compute_distribution_teststat_fixed_es.o power_curves.o -F/Library/Frameworks/R.framework/.. -framework R -Wl,-framework -Wl,CoreFoundation
installing to /Users/ziangniu/Documents/Projects/CRISPR-power-analysis/perturbplan/perturbplan.Rcheck/00LOCK-perturbplan/00new/perturbplan/libs
** R
** inst
** byte-compile and prepare package for lazy loading
** help
*** installing help indices
** building package indices
** testing if installed package can be loaded from temporary location
Error: package or namespace load failed for ‘perturbplan’ in dyn.load(file, DLLpath = DLLpath, ...):
 unable to load shared object '/Users/ziangniu/Documents/Projects/CRISPR-power-analysis/perturbplan/perturbplan.Rcheck/00LOCK-perturbplan/00new/perturbplan/libs/perturbplan.so':
  dlopen(/Users/ziangniu/Documents/Projects/CRISPR-power-analysis/perturbplan/perturbplan.Rcheck/00LOCK-perturbplan/00new/perturbplan/libs/perturbplan.so, 0x0006): symbol not found in flat namespace '__Z15compute_BH_planRKN4Rcpp6VectorILi14ENS_15PreserveStorageEEES4_RKNSt3__112basic_stringIcNS5_11char_traitsIcEENS5_9allocatorIcEEEEddi'
Error: loading failed
Execution halted
ERROR: loading failed
* removing ‘/Users/ziangniu/Documents/Projects/CRISPR-power-analysis/perturbplan/perturbplan.Rcheck/perturbplan’
