Hmm ... looks like a package
Converting parsed Rd's to LaTeX ..
Creating pdf output from LaTeX ...

This is pdfTeX, Version 3.141592653-2.6-1.40.25 (TeX Live 2023) (preloaded format=pdflatex)
 restricted \write18 enabled.
entering extended mode
LaTeX2e <2022-11-01> patch level 1
L3 programming layer <2023-02-22> (./Rd2.tex
(/usr/local/texlive/2023/texmf-dist/tex/latex/base/book.cls
Document Class: book 2022/07/02 v1.4n Standard LaTeX document class
(/usr/local/texlive/2023/texmf-dist/tex/latex/base/bk10.clo))
(/Library/Frameworks/R.framework/Resources/share/texmf/tex/latex/Rd.sty
(/usr/local/texlive/2023/texmf-dist/tex/latex/base/ifthen.sty)
(/usr/local/texlive/2023/texmf-dist/tex/generic/iftex/iftex.sty)
(/usr/local/texlive/2023/texmf-dist/tex/latex/tools/longtable.sty)
(/usr/local/texlive/2023/texmf-dist/tex/latex/tools/bm.sty)
(/usr/local/texlive/2023/texmf-dist/tex/latex/base/alltt.sty)
(/usr/local/texlive/2023/texmf-dist/tex/latex/tools/verbatim.sty)
(/usr/local/texlive/2023/texmf-dist/tex/latex/url/url.sty)
(/usr/local/texlive/2023/texmf-dist/tex/latex/base/textcomp.sty)
(/usr/local/texlive/2023/texmf-dist/tex/latex/amsmath/amsmath.sty
For additional information on amsmath, use the `?' option.
(/usr/local/texlive/2023/texmf-dist/tex/latex/amsmath/amstext.sty
(/usr/local/texlive/2023/texmf-dist/tex/latex/amsmath/amsgen.sty))
(/usr/local/texlive/2023/texmf-dist/tex/latex/amsmath/amsbsy.sty)
(/usr/local/texlive/2023/texmf-dist/tex/latex/amsmath/amsopn.sty))
(/usr/local/texlive/2023/texmf-dist/tex/latex/amsfonts/amsfonts.sty)
(/usr/local/texlive/2023/texmf-dist/tex/latex/amsfonts/amssymb.sty)
(/usr/local/texlive/2023/texmf-dist/tex/latex/jknapltx/mathrsfs.sty)
(/usr/local/texlive/2023/texmf-dist/tex/latex/base/fontenc.sty)
(/usr/local/texlive/2023/texmf-dist/tex/latex/psnfss/times.sty)
(/usr/local/texlive/2023/texmf-dist/tex/latex/inconsolata/zi4.sty
`inconsolata-zi4' v1.12, 2019/05/17 Text macros for Inconsolata (msharpe)
(/usr/local/texlive/2023/texmf-dist/tex/latex/xkeyval/xkeyval.sty
(/usr/local/texlive/2023/texmf-dist/tex/generic/xkeyval/xkeyval.tex
(/usr/local/texlive/2023/texmf-dist/tex/generic/xkeyval/xkvutils.tex
(/usr/local/texlive/2023/texmf-dist/tex/generic/xkeyval/keyval.tex)))))
(/usr/local/texlive/2023/texmf-dist/tex/latex/graphics/color.sty
(/usr/local/texlive/2023/texmf-dist/tex/latex/graphics-cfg/color.cfg)
(/usr/local/texlive/2023/texmf-dist/tex/latex/graphics-def/pdftex.def)
(/usr/local/texlive/2023/texmf-dist/tex/latex/graphics/mathcolor.ltx))
(/usr/local/texlive/2023/texmf-dist/tex/latex/hyperref/hyperref.sty
(/usr/local/texlive/2023/texmf-dist/tex/generic/ltxcmds/ltxcmds.sty)
(/usr/local/texlive/2023/texmf-dist/tex/generic/pdftexcmds/pdftexcmds.sty
(/usr/local/texlive/2023/texmf-dist/tex/generic/infwarerr/infwarerr.sty))
(/usr/local/texlive/2023/texmf-dist/tex/latex/kvsetkeys/kvsetkeys.sty)
(/usr/local/texlive/2023/texmf-dist/tex/generic/kvdefinekeys/kvdefinekeys.sty)
(/usr/local/texlive/2023/texmf-dist/tex/generic/pdfescape/pdfescape.sty)
(/usr/local/texlive/2023/texmf-dist/tex/latex/hycolor/hycolor.sty)
(/usr/local/texlive/2023/texmf-dist/tex/latex/letltxmacro/letltxmacro.sty)
(/usr/local/texlive/2023/texmf-dist/tex/latex/auxhook/auxhook.sty)
(/usr/local/texlive/2023/texmf-dist/tex/latex/hyperref/nameref.sty
(/usr/local/texlive/2023/texmf-dist/tex/latex/refcount/refcount.sty)
(/usr/local/texlive/2023/texmf-dist/tex/generic/gettitlestring/gettitlestring.s
ty (/usr/local/texlive/2023/texmf-dist/tex/latex/kvoptions/kvoptions.sty)))
(/usr/local/texlive/2023/texmf-dist/tex/latex/hyperref/pd1enc.def)
(/usr/local/texlive/2023/texmf-dist/tex/generic/intcalc/intcalc.sty)
(/usr/local/texlive/2023/texmf-dist/tex/generic/etexcmds/etexcmds.sty)
(/usr/local/texlive/2023/texmf-dist/tex/latex/hyperref/puenc.def)
(/usr/local/texlive/2023/texmf-dist/tex/generic/bitset/bitset.sty
(/usr/local/texlive/2023/texmf-dist/tex/generic/bigintcalc/bigintcalc.sty))
(/usr/local/texlive/2023/texmf-dist/tex/latex/base/atbegshi-ltx.sty))
(/usr/local/texlive/2023/texmf-dist/tex/latex/hyperref/hpdftex.def
(/usr/local/texlive/2023/texmf-dist/tex/latex/base/atveryend-ltx.sty)
(/usr/local/texlive/2023/texmf-dist/tex/latex/rerunfilecheck/rerunfilecheck.sty

(/usr/local/texlive/2023/texmf-dist/tex/generic/uniquecounter/uniquecounter.sty
)))) (/usr/local/texlive/2023/texmf-dist/tex/latex/base/makeidx.sty)
Writing index file Rd2.idx
(/usr/local/texlive/2023/texmf-dist/tex/latex/psnfss/t1ptm.fd)
(/usr/local/texlive/2023/texmf-dist/tex/latex/l3backend/l3backend-pdftex.def)
No file Rd2.aux.
(/usr/local/texlive/2023/texmf-dist/tex/context/base/mkii/supp-pdf.mkii
[Loading MPS to PDF converter (version 2006.09.02).]
) (/usr/local/texlive/2023/texmf-dist/tex/latex/inconsolata/t1zi4.fd)
No file Rd2.toc.
(/usr/local/texlive/2023/texmf-dist/tex/latex/amsfonts/umsa.fd)
(/usr/local/texlive/2023/texmf-dist/tex/latex/amsfonts/umsb.fd)
(/usr/local/texlive/2023/texmf-dist/tex/latex/jknapltx/ursfs.fd) [1{/usr/local/
texlive/2023/texmf-var/fonts/map/pdftex/updmap/pdftex.map}{/usr/local/texlive/2
023/texmf-dist/fonts/enc/dvips/base/8r.enc}{/usr/local/texlive/2023/texmf-dist/
fonts/enc/dvips/inconsolata/i4-t1-0.enc}] [2] [3] [4] [5] [6] [7]
Overfull \hbox (9.91565pt too wide) in paragraph at lines 389--392
\T1/ptm/m/n/10 tion com-pute_distribution_teststat_fixed_es_cpp() in-stead of t
he R func-tion com-pute_test_stat_clean()
[8] [9] [10]
Overfull \hbox (3.81686pt too wide) in paragraph at lines 571--572
[]\T1/ptm/m/n/10 A char-ac-ter string spec-i-fy-ing the con-trol group, ei-ther
 "com-ple-ment" or "nt_cells" 
[11]
Overfull \hbox (13.47772pt too wide) in paragraph at lines 594--595
[]\T1/ptm/m/n/10 A list with two el-e-ments: []\T1/zi4/m/n/10 individual_power 
[]\T1/ptm/m/n/10 (a data frame with columns []\T1/zi4/m/n/10 grna_target[]\T1/p
tm/m/n/10 , []\T1/zi4/m/n/10 response_id[]\T1/ptm/m/n/10 ,
[12]
Overfull \hbox (3.81686pt too wide) in paragraph at lines 630--631
[]\T1/ptm/m/n/10 A char-ac-ter string spec-i-fy-ing the con-trol group, ei-ther
 "com-ple-ment" or "nt_cells" 

Overfull \hbox (13.47772pt too wide) in paragraph at lines 651--652
[]\T1/ptm/m/n/10 A list with two el-e-ments: []\T1/zi4/m/n/10 individual_power 
[]\T1/ptm/m/n/10 (a data frame with columns []\T1/zi4/m/n/10 grna_target[]\T1/p
tm/m/n/10 , []\T1/zi4/m/n/10 response_id[]\T1/ptm/m/n/10 ,
[13] [14] [15] [16]
Overfull \hbox (3.81686pt too wide) in paragraph at lines 842--843
[]\T1/ptm/m/n/10 A char-ac-ter string spec-i-fy-ing the con-trol group, ei-ther
 "com-ple-ment" or "nt_cells" 
[17]
Overfull \hbox (4.21716pt too wide) in paragraph at lines 908--911
[]\T1/ptm/m/n/10 A data frame spec-i-fy-ing the rel-a-tive ex-pres-sion lev-els
 for each gene, with columns
[18]
Overfull \hbox (19.4482pt too wide) in paragraph at lines 923--926
[]\T1/ptm/m/n/10 A char-ac-ter string spec-i-fy-ing the con-trol group, ei-ther
 []\T1/zi4/m/n/10 "complement" []\T1/ptm/m/n/10 or []\T1/zi4/m/n/10 "nt_cells"[
]\T1/ptm/m/n/10 .

Overfull \hbox (31.118pt too wide) in paragraph at lines 943--946
\T1/ptm/m/n/10 the func-tion de-ter-mines it au-to-mat-i-cally us-ing the spec-
i-fied []\T1/zi4/m/n/10 multiple_testing_method
[19] [20] (/usr/local/texlive/2023/texmf-dist/tex/latex/psnfss/ts1ptm.fd)
[21] [22] [23]
Overfull \hbox (4.21716pt too wide) in paragraph at lines 1194--1197
[]\T1/ptm/m/n/10 A data frame spec-i-fy-ing the rel-a-tive ex-pres-sion lev-els
 for each gene, with columns

Overfull \hbox (19.4482pt too wide) in paragraph at lines 1209--1212
[]\T1/ptm/m/n/10 A char-ac-ter string spec-i-fy-ing the con-trol group, ei-ther
 []\T1/zi4/m/n/10 "complement" []\T1/ptm/m/n/10 or []\T1/zi4/m/n/10 "nt_cells"[
]\T1/ptm/m/n/10 .

Overfull \hbox (31.118pt too wide) in paragraph at lines 1229--1232
\T1/ptm/m/n/10 the func-tion de-ter-mines it au-to-mat-i-cally us-ing the spec-
i-fied []\T1/zi4/m/n/10 multiple_testing_method
[24] [25]
No file Rd2.ind.
[26]
(/private/var/folders/p1/n4yjtdx96hj8c6ccrz67r2600000gq/T/Rtmp6acKML/Rd2pdff498
6efcf011/Rd2.aux)

Package rerunfilecheck Warning: File `Rd2.out' has changed.
(rerunfilecheck)                Rerun to get outlines right
(rerunfilecheck)                or use package `bookmark'.

 )
(see the transcript file for additional information)</usr/local/texlive/2023/te
xmf-dist/fonts/type1/public/inconsolata/Inconsolata-zi4r.pfb></usr/local/texliv
e/2023/texmf-dist/fonts/type1/urw/times/utmb8a.pfb></usr/local/texlive/2023/tex
mf-dist/fonts/type1/urw/times/utmr8a.pfb></usr/local/texlive/2023/texmf-dist/fo
nts/type1/urw/times/utmr8a.pfb></usr/local/texlive/2023/texmf-dist/fonts/type1/
urw/times/utmri8a.pfb>
Output written on Rd2.pdf (26 pages, 120667 bytes).
Transcript written on Rd2.log.
This is makeindex, version 2.17 [TeX Live 2023] (kpathsea + Thai support).
Scanning input file Rd2.idx....done (30 entries accepted, 0 rejected).
Sorting entries....done (139 comparisons).
Generating output file Rd2.ind....done (69 lines written, 0 warnings).
Output written in Rd2.ind.
Transcript written in Rd2.ilg.
This is pdfTeX, Version 3.141592653-2.6-1.40.25 (TeX Live 2023) (preloaded format=pdflatex)
 restricted \write18 enabled.
entering extended mode
LaTeX2e <2022-11-01> patch level 1
L3 programming layer <2023-02-22> (./Rd2.tex
(/usr/local/texlive/2023/texmf-dist/tex/latex/base/book.cls
Document Class: book 2022/07/02 v1.4n Standard LaTeX document class
(/usr/local/texlive/2023/texmf-dist/tex/latex/base/bk10.clo))
(/Library/Frameworks/R.framework/Resources/share/texmf/tex/latex/Rd.sty
(/usr/local/texlive/2023/texmf-dist/tex/latex/base/ifthen.sty)
(/usr/local/texlive/2023/texmf-dist/tex/generic/iftex/iftex.sty)
(/usr/local/texlive/2023/texmf-dist/tex/latex/tools/longtable.sty)
(/usr/local/texlive/2023/texmf-dist/tex/latex/tools/bm.sty)
(/usr/local/texlive/2023/texmf-dist/tex/latex/base/alltt.sty)
(/usr/local/texlive/2023/texmf-dist/tex/latex/tools/verbatim.sty)
(/usr/local/texlive/2023/texmf-dist/tex/latex/url/url.sty)
(/usr/local/texlive/2023/texmf-dist/tex/latex/base/textcomp.sty)
(/usr/local/texlive/2023/texmf-dist/tex/latex/amsmath/amsmath.sty
For additional information on amsmath, use the `?' option.
(/usr/local/texlive/2023/texmf-dist/tex/latex/amsmath/amstext.sty
(/usr/local/texlive/2023/texmf-dist/tex/latex/amsmath/amsgen.sty))
(/usr/local/texlive/2023/texmf-dist/tex/latex/amsmath/amsbsy.sty)
(/usr/local/texlive/2023/texmf-dist/tex/latex/amsmath/amsopn.sty))
(/usr/local/texlive/2023/texmf-dist/tex/latex/amsfonts/amsfonts.sty)
(/usr/local/texlive/2023/texmf-dist/tex/latex/amsfonts/amssymb.sty)
(/usr/local/texlive/2023/texmf-dist/tex/latex/jknapltx/mathrsfs.sty)
(/usr/local/texlive/2023/texmf-dist/tex/latex/base/fontenc.sty)
(/usr/local/texlive/2023/texmf-dist/tex/latex/psnfss/times.sty)
(/usr/local/texlive/2023/texmf-dist/tex/latex/inconsolata/zi4.sty
`inconsolata-zi4' v1.12, 2019/05/17 Text macros for Inconsolata (msharpe)
(/usr/local/texlive/2023/texmf-dist/tex/latex/xkeyval/xkeyval.sty
(/usr/local/texlive/2023/texmf-dist/tex/generic/xkeyval/xkeyval.tex
(/usr/local/texlive/2023/texmf-dist/tex/generic/xkeyval/xkvutils.tex
(/usr/local/texlive/2023/texmf-dist/tex/generic/xkeyval/keyval.tex)))))
(/usr/local/texlive/2023/texmf-dist/tex/latex/graphics/color.sty
(/usr/local/texlive/2023/texmf-dist/tex/latex/graphics-cfg/color.cfg)
(/usr/local/texlive/2023/texmf-dist/tex/latex/graphics-def/pdftex.def)
(/usr/local/texlive/2023/texmf-dist/tex/latex/graphics/mathcolor.ltx))
(/usr/local/texlive/2023/texmf-dist/tex/latex/hyperref/hyperref.sty
(/usr/local/texlive/2023/texmf-dist/tex/generic/ltxcmds/ltxcmds.sty)
(/usr/local/texlive/2023/texmf-dist/tex/generic/pdftexcmds/pdftexcmds.sty
(/usr/local/texlive/2023/texmf-dist/tex/generic/infwarerr/infwarerr.sty))
(/usr/local/texlive/2023/texmf-dist/tex/latex/kvsetkeys/kvsetkeys.sty)
(/usr/local/texlive/2023/texmf-dist/tex/generic/kvdefinekeys/kvdefinekeys.sty)
(/usr/local/texlive/2023/texmf-dist/tex/generic/pdfescape/pdfescape.sty)
(/usr/local/texlive/2023/texmf-dist/tex/latex/hycolor/hycolor.sty)
(/usr/local/texlive/2023/texmf-dist/tex/latex/letltxmacro/letltxmacro.sty)
(/usr/local/texlive/2023/texmf-dist/tex/latex/auxhook/auxhook.sty)
(/usr/local/texlive/2023/texmf-dist/tex/latex/hyperref/nameref.sty
(/usr/local/texlive/2023/texmf-dist/tex/latex/refcount/refcount.sty)
(/usr/local/texlive/2023/texmf-dist/tex/generic/gettitlestring/gettitlestring.s
ty (/usr/local/texlive/2023/texmf-dist/tex/latex/kvoptions/kvoptions.sty)))
(/usr/local/texlive/2023/texmf-dist/tex/latex/hyperref/pd1enc.def)
(/usr/local/texlive/2023/texmf-dist/tex/generic/intcalc/intcalc.sty)
(/usr/local/texlive/2023/texmf-dist/tex/generic/etexcmds/etexcmds.sty)
(/usr/local/texlive/2023/texmf-dist/tex/latex/hyperref/puenc.def)
(/usr/local/texlive/2023/texmf-dist/tex/generic/bitset/bitset.sty
(/usr/local/texlive/2023/texmf-dist/tex/generic/bigintcalc/bigintcalc.sty))
(/usr/local/texlive/2023/texmf-dist/tex/latex/base/atbegshi-ltx.sty))
(/usr/local/texlive/2023/texmf-dist/tex/latex/hyperref/hpdftex.def
(/usr/local/texlive/2023/texmf-dist/tex/latex/base/atveryend-ltx.sty)
(/usr/local/texlive/2023/texmf-dist/tex/latex/rerunfilecheck/rerunfilecheck.sty

(/usr/local/texlive/2023/texmf-dist/tex/generic/uniquecounter/uniquecounter.sty
)))) (/usr/local/texlive/2023/texmf-dist/tex/latex/base/makeidx.sty)
Writing index file Rd2.idx
(/usr/local/texlive/2023/texmf-dist/tex/latex/psnfss/t1ptm.fd)
(/usr/local/texlive/2023/texmf-dist/tex/latex/l3backend/l3backend-pdftex.def)
(/private/var/folders/p1/n4yjtdx96hj8c6ccrz67r2600000gq/T/Rtmp6acKML/Rd2pdff498
6efcf011/Rd2.aux)
(/usr/local/texlive/2023/texmf-dist/tex/context/base/mkii/supp-pdf.mkii
[Loading MPS to PDF converter (version 2006.09.02).]
)
(/private/var/folders/p1/n4yjtdx96hj8c6ccrz67r2600000gq/T/Rtmp6acKML/Rd2pdff498
6efcf011/Rd2.out)
(/private/var/folders/p1/n4yjtdx96hj8c6ccrz67r2600000gq/T/Rtmp6acKML/Rd2pdff498
6efcf011/Rd2.out)
(/usr/local/texlive/2023/texmf-dist/tex/latex/inconsolata/t1zi4.fd)
(/private/var/folders/p1/n4yjtdx96hj8c6ccrz67r2600000gq/T/Rtmp6acKML/Rd2pdff498
6efcf011/Rd2.toc (/usr/local/texlive/2023/texmf-dist/tex/latex/amsfonts/umsa.fd
) (/usr/local/texlive/2023/texmf-dist/tex/latex/amsfonts/umsb.fd)
(/usr/local/texlive/2023/texmf-dist/tex/latex/jknapltx/ursfs.fd) [1{/usr/local/
texlive/2023/texmf-var/fonts/map/pdftex/updmap/pdftex.map}{/usr/local/texlive/2
023/texmf-dist/fonts/enc/dvips/base/8r.enc}{/usr/local/texlive/2023/texmf-dist/
fonts/enc/dvips/inconsolata/i4-t1-0.enc}]) [2] [3] [4] [5] [6] [7]
Overfull \hbox (9.91565pt too wide) in paragraph at lines 389--392
\T1/ptm/m/n/10 tion com-pute_distribution_teststat_fixed_es_cpp() in-stead of t
he R func-tion com-pute_test_stat_clean()
[8] [9] [10] [11]
Overfull \hbox (3.81686pt too wide) in paragraph at lines 571--572
[]\T1/ptm/m/n/10 A char-ac-ter string spec-i-fy-ing the con-trol group, ei-ther
 "com-ple-ment" or "nt_cells" 

Overfull \hbox (13.47772pt too wide) in paragraph at lines 594--595
[]\T1/ptm/m/n/10 A list with two el-e-ments: []\T1/zi4/m/n/10 individual_power 
[]\T1/ptm/m/n/10 (a data frame with columns []\T1/zi4/m/n/10 grna_target[]\T1/p
tm/m/n/10 , []\T1/zi4/m/n/10 response_id[]\T1/ptm/m/n/10 ,
[12]
Overfull \hbox (3.81686pt too wide) in paragraph at lines 630--631
[]\T1/ptm/m/n/10 A char-ac-ter string spec-i-fy-ing the con-trol group, ei-ther
 "com-ple-ment" or "nt_cells" 

Overfull \hbox (13.47772pt too wide) in paragraph at lines 651--652
[]\T1/ptm/m/n/10 A list with two el-e-ments: []\T1/zi4/m/n/10 individual_power 
[]\T1/ptm/m/n/10 (a data frame with columns []\T1/zi4/m/n/10 grna_target[]\T1/p
tm/m/n/10 , []\T1/zi4/m/n/10 response_id[]\T1/ptm/m/n/10 ,
[13] [14] [15] [16] [17]
Overfull \hbox (3.81686pt too wide) in paragraph at lines 842--843
[]\T1/ptm/m/n/10 A char-ac-ter string spec-i-fy-ing the con-trol group, ei-ther
 "com-ple-ment" or "nt_cells" 
[18]
Overfull \hbox (4.21716pt too wide) in paragraph at lines 908--911
[]\T1/ptm/m/n/10 A data frame spec-i-fy-ing the rel-a-tive ex-pres-sion lev-els
 for each gene, with columns

Overfull \hbox (19.4482pt too wide) in paragraph at lines 923--926
[]\T1/ptm/m/n/10 A char-ac-ter string spec-i-fy-ing the con-trol group, ei-ther
 []\T1/zi4/m/n/10 "complement" []\T1/ptm/m/n/10 or []\T1/zi4/m/n/10 "nt_cells"[
]\T1/ptm/m/n/10 .
[19]
Overfull \hbox (31.118pt too wide) in paragraph at lines 943--946
\T1/ptm/m/n/10 the func-tion de-ter-mines it au-to-mat-i-cally us-ing the spec-
i-fied []\T1/zi4/m/n/10 multiple_testing_method
[20] (/usr/local/texlive/2023/texmf-dist/tex/latex/psnfss/ts1ptm.fd) [21]
[22] [23]
Overfull \hbox (4.21716pt too wide) in paragraph at lines 1194--1197
[]\T1/ptm/m/n/10 A data frame spec-i-fy-ing the rel-a-tive ex-pres-sion lev-els
 for each gene, with columns
[24]
Overfull \hbox (19.4482pt too wide) in paragraph at lines 1209--1212
[]\T1/ptm/m/n/10 A char-ac-ter string spec-i-fy-ing the con-trol group, ei-ther
 []\T1/zi4/m/n/10 "complement" []\T1/ptm/m/n/10 or []\T1/zi4/m/n/10 "nt_cells"[
]\T1/ptm/m/n/10 .

Overfull \hbox (31.118pt too wide) in paragraph at lines 1229--1232
\T1/ptm/m/n/10 the func-tion de-ter-mines it au-to-mat-i-cally us-ing the spec-
i-fied []\T1/zi4/m/n/10 multiple_testing_method
[25] [26]
(/private/var/folders/p1/n4yjtdx96hj8c6ccrz67r2600000gq/T/Rtmp6acKML/Rd2pdff498
6efcf011/Rd2.ind [27]
Overfull \hbox (8.3567pt too wide) in paragraph at lines 3--5
[]\T1/zi4/m/n/10 .compute_underspecified_power_efficient\T1/ptm/m/n/10 , 

Overfull \hbox (8.3567pt too wide) in paragraph at lines 5--7
[]\T1/zi4/m/n/10 .compute_underspecified_power_separated\T1/ptm/m/n/10 , 
[28])
(/private/var/folders/p1/n4yjtdx96hj8c6ccrz67r2600000gq/T/Rtmp6acKML/Rd2pdff498
6efcf011/Rd2.aux)

Package rerunfilecheck Warning: File `Rd2.out' has changed.
(rerunfilecheck)                Rerun to get outlines right
(rerunfilecheck)                or use package `bookmark'.

 )
(see the transcript file for additional information)</usr/local/texlive/2023/te
xmf-dist/fonts/type1/public/inconsolata/Inconsolata-zi4r.pfb></usr/local/texliv
e/2023/texmf-dist/fonts/type1/urw/times/utmb8a.pfb></usr/local/texlive/2023/tex
mf-dist/fonts/type1/urw/times/utmr8a.pfb></usr/local/texlive/2023/texmf-dist/fo
nts/type1/urw/times/utmr8a.pfb></usr/local/texlive/2023/texmf-dist/fonts/type1/
urw/times/utmri8a.pfb>
Output written on Rd2.pdf (28 pages, 127770 bytes).
Transcript written on Rd2.log.
This is makeindex, version 2.17 [TeX Live 2023] (kpathsea + Thai support).
Scanning input file Rd2.idx....done (30 entries accepted, 0 rejected).
Sorting entries....done (139 comparisons).
Generating output file Rd2.ind....done (69 lines written, 0 warnings).
Output written in Rd2.ind.
Transcript written in Rd2.ilg.
This is pdfTeX, Version 3.141592653-2.6-1.40.25 (TeX Live 2023) (preloaded format=pdflatex)
 restricted \write18 enabled.
entering extended mode
LaTeX2e <2022-11-01> patch level 1
L3 programming layer <2023-02-22> (./Rd2.tex
(/usr/local/texlive/2023/texmf-dist/tex/latex/base/book.cls
Document Class: book 2022/07/02 v1.4n Standard LaTeX document class
(/usr/local/texlive/2023/texmf-dist/tex/latex/base/bk10.clo))
(/Library/Frameworks/R.framework/Resources/share/texmf/tex/latex/Rd.sty
(/usr/local/texlive/2023/texmf-dist/tex/latex/base/ifthen.sty)
(/usr/local/texlive/2023/texmf-dist/tex/generic/iftex/iftex.sty)
(/usr/local/texlive/2023/texmf-dist/tex/latex/tools/longtable.sty)
(/usr/local/texlive/2023/texmf-dist/tex/latex/tools/bm.sty)
(/usr/local/texlive/2023/texmf-dist/tex/latex/base/alltt.sty)
(/usr/local/texlive/2023/texmf-dist/tex/latex/tools/verbatim.sty)
(/usr/local/texlive/2023/texmf-dist/tex/latex/url/url.sty)
(/usr/local/texlive/2023/texmf-dist/tex/latex/base/textcomp.sty)
(/usr/local/texlive/2023/texmf-dist/tex/latex/amsmath/amsmath.sty
For additional information on amsmath, use the `?' option.
(/usr/local/texlive/2023/texmf-dist/tex/latex/amsmath/amstext.sty
(/usr/local/texlive/2023/texmf-dist/tex/latex/amsmath/amsgen.sty))
(/usr/local/texlive/2023/texmf-dist/tex/latex/amsmath/amsbsy.sty)
(/usr/local/texlive/2023/texmf-dist/tex/latex/amsmath/amsopn.sty))
(/usr/local/texlive/2023/texmf-dist/tex/latex/amsfonts/amsfonts.sty)
(/usr/local/texlive/2023/texmf-dist/tex/latex/amsfonts/amssymb.sty)
(/usr/local/texlive/2023/texmf-dist/tex/latex/jknapltx/mathrsfs.sty)
(/usr/local/texlive/2023/texmf-dist/tex/latex/base/fontenc.sty)
(/usr/local/texlive/2023/texmf-dist/tex/latex/psnfss/times.sty)
(/usr/local/texlive/2023/texmf-dist/tex/latex/inconsolata/zi4.sty
`inconsolata-zi4' v1.12, 2019/05/17 Text macros for Inconsolata (msharpe)
(/usr/local/texlive/2023/texmf-dist/tex/latex/xkeyval/xkeyval.sty
(/usr/local/texlive/2023/texmf-dist/tex/generic/xkeyval/xkeyval.tex
(/usr/local/texlive/2023/texmf-dist/tex/generic/xkeyval/xkvutils.tex
(/usr/local/texlive/2023/texmf-dist/tex/generic/xkeyval/keyval.tex)))))
(/usr/local/texlive/2023/texmf-dist/tex/latex/graphics/color.sty
(/usr/local/texlive/2023/texmf-dist/tex/latex/graphics-cfg/color.cfg)
(/usr/local/texlive/2023/texmf-dist/tex/latex/graphics-def/pdftex.def)
(/usr/local/texlive/2023/texmf-dist/tex/latex/graphics/mathcolor.ltx))
(/usr/local/texlive/2023/texmf-dist/tex/latex/hyperref/hyperref.sty
(/usr/local/texlive/2023/texmf-dist/tex/generic/ltxcmds/ltxcmds.sty)
(/usr/local/texlive/2023/texmf-dist/tex/generic/pdftexcmds/pdftexcmds.sty
(/usr/local/texlive/2023/texmf-dist/tex/generic/infwarerr/infwarerr.sty))
(/usr/local/texlive/2023/texmf-dist/tex/latex/kvsetkeys/kvsetkeys.sty)
(/usr/local/texlive/2023/texmf-dist/tex/generic/kvdefinekeys/kvdefinekeys.sty)
(/usr/local/texlive/2023/texmf-dist/tex/generic/pdfescape/pdfescape.sty)
(/usr/local/texlive/2023/texmf-dist/tex/latex/hycolor/hycolor.sty)
(/usr/local/texlive/2023/texmf-dist/tex/latex/letltxmacro/letltxmacro.sty)
(/usr/local/texlive/2023/texmf-dist/tex/latex/auxhook/auxhook.sty)
(/usr/local/texlive/2023/texmf-dist/tex/latex/hyperref/nameref.sty
(/usr/local/texlive/2023/texmf-dist/tex/latex/refcount/refcount.sty)
(/usr/local/texlive/2023/texmf-dist/tex/generic/gettitlestring/gettitlestring.s
ty (/usr/local/texlive/2023/texmf-dist/tex/latex/kvoptions/kvoptions.sty)))
(/usr/local/texlive/2023/texmf-dist/tex/latex/hyperref/pd1enc.def)
(/usr/local/texlive/2023/texmf-dist/tex/generic/intcalc/intcalc.sty)
(/usr/local/texlive/2023/texmf-dist/tex/generic/etexcmds/etexcmds.sty)
(/usr/local/texlive/2023/texmf-dist/tex/latex/hyperref/puenc.def)
(/usr/local/texlive/2023/texmf-dist/tex/generic/bitset/bitset.sty
(/usr/local/texlive/2023/texmf-dist/tex/generic/bigintcalc/bigintcalc.sty))
(/usr/local/texlive/2023/texmf-dist/tex/latex/base/atbegshi-ltx.sty))
(/usr/local/texlive/2023/texmf-dist/tex/latex/hyperref/hpdftex.def
(/usr/local/texlive/2023/texmf-dist/tex/latex/base/atveryend-ltx.sty)
(/usr/local/texlive/2023/texmf-dist/tex/latex/rerunfilecheck/rerunfilecheck.sty

(/usr/local/texlive/2023/texmf-dist/tex/generic/uniquecounter/uniquecounter.sty
)))) (/usr/local/texlive/2023/texmf-dist/tex/latex/base/makeidx.sty)
Writing index file Rd2.idx
(/usr/local/texlive/2023/texmf-dist/tex/latex/psnfss/t1ptm.fd)
(/usr/local/texlive/2023/texmf-dist/tex/latex/l3backend/l3backend-pdftex.def)
(/private/var/folders/p1/n4yjtdx96hj8c6ccrz67r2600000gq/T/Rtmp6acKML/Rd2pdff498
6efcf011/Rd2.aux)
(/usr/local/texlive/2023/texmf-dist/tex/context/base/mkii/supp-pdf.mkii
[Loading MPS to PDF converter (version 2006.09.02).]
)
(/private/var/folders/p1/n4yjtdx96hj8c6ccrz67r2600000gq/T/Rtmp6acKML/Rd2pdff498
6efcf011/Rd2.out)
(/private/var/folders/p1/n4yjtdx96hj8c6ccrz67r2600000gq/T/Rtmp6acKML/Rd2pdff498
6efcf011/Rd2.out)
(/usr/local/texlive/2023/texmf-dist/tex/latex/inconsolata/t1zi4.fd)
(/private/var/folders/p1/n4yjtdx96hj8c6ccrz67r2600000gq/T/Rtmp6acKML/Rd2pdff498
6efcf011/Rd2.toc (/usr/local/texlive/2023/texmf-dist/tex/latex/amsfonts/umsa.fd
) (/usr/local/texlive/2023/texmf-dist/tex/latex/amsfonts/umsb.fd)
(/usr/local/texlive/2023/texmf-dist/tex/latex/jknapltx/ursfs.fd) [1{/usr/local/
texlive/2023/texmf-var/fonts/map/pdftex/updmap/pdftex.map}{/usr/local/texlive/2
023/texmf-dist/fonts/enc/dvips/base/8r.enc}{/usr/local/texlive/2023/texmf-dist/
fonts/enc/dvips/inconsolata/i4-t1-0.enc}]) [2] [3] [4] [5] [6] [7]
Overfull \hbox (9.91565pt too wide) in paragraph at lines 389--392
\T1/ptm/m/n/10 tion com-pute_distribution_teststat_fixed_es_cpp() in-stead of t
he R func-tion com-pute_test_stat_clean()
[8] [9] [10] [11]
Overfull \hbox (3.81686pt too wide) in paragraph at lines 571--572
[]\T1/ptm/m/n/10 A char-ac-ter string spec-i-fy-ing the con-trol group, ei-ther
 "com-ple-ment" or "nt_cells" 

Overfull \hbox (13.47772pt too wide) in paragraph at lines 594--595
[]\T1/ptm/m/n/10 A list with two el-e-ments: []\T1/zi4/m/n/10 individual_power 
[]\T1/ptm/m/n/10 (a data frame with columns []\T1/zi4/m/n/10 grna_target[]\T1/p
tm/m/n/10 , []\T1/zi4/m/n/10 response_id[]\T1/ptm/m/n/10 ,
[12]
Overfull \hbox (3.81686pt too wide) in paragraph at lines 630--631
[]\T1/ptm/m/n/10 A char-ac-ter string spec-i-fy-ing the con-trol group, ei-ther
 "com-ple-ment" or "nt_cells" 

Overfull \hbox (13.47772pt too wide) in paragraph at lines 651--652
[]\T1/ptm/m/n/10 A list with two el-e-ments: []\T1/zi4/m/n/10 individual_power 
[]\T1/ptm/m/n/10 (a data frame with columns []\T1/zi4/m/n/10 grna_target[]\T1/p
tm/m/n/10 , []\T1/zi4/m/n/10 response_id[]\T1/ptm/m/n/10 ,
[13] [14] [15] [16] [17]
Overfull \hbox (3.81686pt too wide) in paragraph at lines 842--843
[]\T1/ptm/m/n/10 A char-ac-ter string spec-i-fy-ing the con-trol group, ei-ther
 "com-ple-ment" or "nt_cells" 
[18]
Overfull \hbox (4.21716pt too wide) in paragraph at lines 908--911
[]\T1/ptm/m/n/10 A data frame spec-i-fy-ing the rel-a-tive ex-pres-sion lev-els
 for each gene, with columns

Overfull \hbox (19.4482pt too wide) in paragraph at lines 923--926
[]\T1/ptm/m/n/10 A char-ac-ter string spec-i-fy-ing the con-trol group, ei-ther
 []\T1/zi4/m/n/10 "complement" []\T1/ptm/m/n/10 or []\T1/zi4/m/n/10 "nt_cells"[
]\T1/ptm/m/n/10 .
[19]
Overfull \hbox (31.118pt too wide) in paragraph at lines 943--946
\T1/ptm/m/n/10 the func-tion de-ter-mines it au-to-mat-i-cally us-ing the spec-
i-fied []\T1/zi4/m/n/10 multiple_testing_method
[20] (/usr/local/texlive/2023/texmf-dist/tex/latex/psnfss/ts1ptm.fd) [21]
[22] [23]
Overfull \hbox (4.21716pt too wide) in paragraph at lines 1194--1197
[]\T1/ptm/m/n/10 A data frame spec-i-fy-ing the rel-a-tive ex-pres-sion lev-els
 for each gene, with columns
[24]
Overfull \hbox (19.4482pt too wide) in paragraph at lines 1209--1212
[]\T1/ptm/m/n/10 A char-ac-ter string spec-i-fy-ing the con-trol group, ei-ther
 []\T1/zi4/m/n/10 "complement" []\T1/ptm/m/n/10 or []\T1/zi4/m/n/10 "nt_cells"[
]\T1/ptm/m/n/10 .

Overfull \hbox (31.118pt too wide) in paragraph at lines 1229--1232
\T1/ptm/m/n/10 the func-tion de-ter-mines it au-to-mat-i-cally us-ing the spec-
i-fied []\T1/zi4/m/n/10 multiple_testing_method
[25] [26]
(/private/var/folders/p1/n4yjtdx96hj8c6ccrz67r2600000gq/T/Rtmp6acKML/Rd2pdff498
6efcf011/Rd2.ind [27]
Overfull \hbox (8.3567pt too wide) in paragraph at lines 3--5
[]\T1/zi4/m/n/10 .compute_underspecified_power_efficient\T1/ptm/m/n/10 , 

Overfull \hbox (8.3567pt too wide) in paragraph at lines 5--7
[]\T1/zi4/m/n/10 .compute_underspecified_power_separated\T1/ptm/m/n/10 , 
[28])
(/private/var/folders/p1/n4yjtdx96hj8c6ccrz67r2600000gq/T/Rtmp6acKML/Rd2pdff498
6efcf011/Rd2.aux) )
(see the transcript file for additional information)</usr/local/texlive/2023/te
xmf-dist/fonts/type1/public/inconsolata/Inconsolata-zi4r.pfb></usr/local/texliv
e/2023/texmf-dist/fonts/type1/urw/times/utmb8a.pfb></usr/local/texlive/2023/tex
mf-dist/fonts/type1/urw/times/utmr8a.pfb></usr/local/texlive/2023/texmf-dist/fo
nts/type1/urw/times/utmr8a.pfb></usr/local/texlive/2023/texmf-dist/fonts/type1/
urw/times/utmri8a.pfb>
Output written on Rd2.pdf (28 pages, 128253 bytes).
Transcript written on Rd2.log.
Saving output to ‘perturbplan-manual.pdf’ ...
Done
You may want to clean up by 'rm -Rf /var/folders/p1/n4yjtdx96hj8c6ccrz67r2600000gq/T//Rtmp6acKML/Rd2pdff4986efcf011'
